<?xml version="1.0" encoding="UTF-8"?>
<!-- Generated by org.testng.reporters.JUnitXMLReporter -->
<testsuite hostname="AnuRohit" name="Selenium" tests="7" failures="0" timestamp="16 Mar 2019 16:46:49 GMT" time="19.179" errors="0">
  <testcase name="first" time="0.006" classname="com.renu.testng.FirstTestNg"/>
  <testcase name="method1" time="0.003" classname="com.renu.testng.Annatations"/>
  <testcase name="adminLogin" time="8.623" classname="com.renu.testng.AdminLoginTest"/>
  <testcase name="appLogin" time="2.044" classname="com.renu.testng.BeforeTestAfterTest"/>
  <testcase name="appLaunch" time="0.002" classname="com.renu.testng.MultipleTestng"/>
  <testcase name="appLogin" time="0.001" classname="com.renu.testng.MultipleTestng"/>
  <testcase name="appClose" time="0.001" classname="com.renu.testng.MultipleTestng"/>
</testsuite> <!-- Selenium -->
